

Started GET "/" for 127.0.0.1 at 2013-07-09 14:50:48 +0300
Processing by Rails::WelcomeController#index as HTML
  Rendered /Users/i061485/.rvm/gems/ruby-2.0.0-p247/gems/railties-4.0.0/lib/rails/templates/rails/welcome/index.html.erb (1.3ms)
Completed 200 OK in 23ms (Views: 6.2ms | ActiveRecord: 0.0ms)


Started GET "/rails/info/properties" for 127.0.0.1 at 2013-07-09 14:50:51 +0300
Processing by Rails::InfoController#properties as */*
  Rendered /Users/i061485/.rvm/gems/ruby-2.0.0-p247/gems/railties-4.0.0/lib/rails/templates/rails/info/properties.html.erb (0.4ms)
Completed 200 OK in 14ms (Views: 10.0ms | ActiveRecord: 0.7ms)


Started GET "/cv_generate" for 127.0.0.1 at 2013-07-09 16:52:21 +0300

ActionController::RoutingError (No route matches [GET] "/cv_generate"):
  actionpack (4.0.0) lib/action_dispatch/middleware/debug_exceptions.rb:21:in `call'
  actionpack (4.0.0) lib/action_dispatch/middleware/show_exceptions.rb:30:in `call'
  railties (4.0.0) lib/rails/rack/logger.rb:38:in `call_app'
  railties (4.0.0) lib/rails/rack/logger.rb:21:in `block in call'
  activesupport (4.0.0) lib/active_support/tagged_logging.rb:67:in `block in tagged'
  activesupport (4.0.0) lib/active_support/tagged_logging.rb:25:in `tagged'
  activesupport (4.0.0) lib/active_support/tagged_logging.rb:67:in `tagged'
  railties (4.0.0) lib/rails/rack/logger.rb:21:in `call'
  actionpack (4.0.0) lib/action_dispatch/middleware/request_id.rb:21:in `call'
  rack (1.5.2) lib/rack/methodoverride.rb:21:in `call'
  rack (1.5.2) lib/rack/runtime.rb:17:in `call'
  activesupport (4.0.0) lib/active_support/cache/strategy/local_cache.rb:83:in `call'
  rack (1.5.2) lib/rack/lock.rb:17:in `call'
  actionpack (4.0.0) lib/action_dispatch/middleware/static.rb:64:in `call'
  railties (4.0.0) lib/rails/engine.rb:511:in `call'
  railties (4.0.0) lib/rails/application.rb:97:in `call'
  rack (1.5.2) lib/rack/lock.rb:17:in `call'
  rack (1.5.2) lib/rack/content_length.rb:14:in `call'
  rack (1.5.2) lib/rack/handler/webrick.rb:60:in `service'
  /Users/i061485/.rvm/rubies/ruby-2.0.0-p247/lib/ruby/2.0.0/webrick/httpserver.rb:138:in `service'
  /Users/i061485/.rvm/rubies/ruby-2.0.0-p247/lib/ruby/2.0.0/webrick/httpserver.rb:94:in `run'
  /Users/i061485/.rvm/rubies/ruby-2.0.0-p247/lib/ruby/2.0.0/webrick/server.rb:295:in `block in start_thread'


  Rendered /Users/i061485/.rvm/gems/ruby-2.0.0-p247/gems/actionpack-4.0.0/lib/action_dispatch/middleware/templates/rescues/_trace.erb (0.8ms)
  Rendered /Users/i061485/.rvm/gems/ruby-2.0.0-p247/gems/actionpack-4.0.0/lib/action_dispatch/middleware/templates/routes/_table.html.erb (3.5ms)
  Rendered /Users/i061485/.rvm/gems/ruby-2.0.0-p247/gems/actionpack-4.0.0/lib/action_dispatch/middleware/templates/rescues/routing_error.erb within rescues/layout (15.8ms)


Started GET "/" for 127.0.0.1 at 2013-07-09 16:54:11 +0300
Processing by CvGenerateController#index as HTML
Completed 500 Internal Server Error in 19ms

ActionView::MissingTemplate (Missing template cv_generate/index, application/index with {:locale=>[:en], :formats=>[:html], :handlers=>[:erb, :builder, :raw, :ruby, :jbuilder, :coffee]}. Searched in:
  * "/Users/i061485/Documents/Project/git/pdf/app/views"
):
  app/controllers/cv_generate_controller.rb:3:in `index'


  Rendered /Users/i061485/.rvm/gems/ruby-2.0.0-p247/gems/actionpack-4.0.0/lib/action_dispatch/middleware/templates/rescues/missing_template.erb within rescues/layout (0.4ms)


Started GET "/" for 127.0.0.1 at 2013-07-09 16:54:14 +0300
Processing by CvGenerateController#index as HTML
Completed 500 Internal Server Error in 2ms

ActionView::MissingTemplate (Missing template cv_generate/index, application/index with {:locale=>[:en], :formats=>[:html], :handlers=>[:erb, :builder, :raw, :ruby, :jbuilder, :coffee]}. Searched in:
  * "/Users/i061485/Documents/Project/git/pdf/app/views"
):
  app/controllers/cv_generate_controller.rb:3:in `index'


  Rendered /Users/i061485/.rvm/gems/ruby-2.0.0-p247/gems/actionpack-4.0.0/lib/action_dispatch/middleware/templates/rescues/missing_template.erb within rescues/layout (0.4ms)


Started GET "/" for 127.0.0.1 at 2013-07-09 16:54:14 +0300
Processing by CvGenerateController#index as HTML
Completed 500 Internal Server Error in 1ms

ActionView::MissingTemplate (Missing template cv_generate/index, application/index with {:locale=>[:en], :formats=>[:html], :handlers=>[:erb, :builder, :raw, :ruby, :jbuilder, :coffee]}. Searched in:
  * "/Users/i061485/Documents/Project/git/pdf/app/views"
):
  app/controllers/cv_generate_controller.rb:3:in `index'


  Rendered /Users/i061485/.rvm/gems/ruby-2.0.0-p247/gems/actionpack-4.0.0/lib/action_dispatch/middleware/templates/rescues/missing_template.erb within rescues/layout (0.4ms)


Started GET "/cv_generate/index.pdf" for 127.0.0.1 at 2013-07-09 16:54:35 +0300
Processing by CvGenerateController#index as PDF
***************WICKED***************
Completed 500 Internal Server Error in 1ms

ActionView::MissingTemplate (Missing template cv_generate/index with {:locale=>[:en], :formats=>[:pdf], :handlers=>[:erb, :builder, :raw, :ruby, :jbuilder, :coffee]}. Searched in:
  * "/Users/i061485/Documents/Project/git/pdf/app/views"
):
  app/controllers/cv_generate_controller.rb:6:in `block (2 levels) in index'
  app/controllers/cv_generate_controller.rb:3:in `index'


  Rendered /Users/i061485/.rvm/gems/ruby-2.0.0-p247/gems/actionpack-4.0.0/lib/action_dispatch/middleware/templates/rescues/missing_template.erb within rescues/layout (0.5ms)


Started GET "/index.pdf" for 127.0.0.1 at 2013-07-09 16:54:46 +0300

ActionController::RoutingError (No route matches [GET] "/index.pdf"):
  actionpack (4.0.0) lib/action_dispatch/middleware/debug_exceptions.rb:21:in `call'
  actionpack (4.0.0) lib/action_dispatch/middleware/show_exceptions.rb:30:in `call'
  railties (4.0.0) lib/rails/rack/logger.rb:38:in `call_app'
  railties (4.0.0) lib/rails/rack/logger.rb:21:in `block in call'
  activesupport (4.0.0) lib/active_support/tagged_logging.rb:67:in `block in tagged'
  activesupport (4.0.0) lib/active_support/tagged_logging.rb:25:in `tagged'
  activesupport (4.0.0) lib/active_support/tagged_logging.rb:67:in `tagged'
  railties (4.0.0) lib/rails/rack/logger.rb:21:in `call'
  actionpack (4.0.0) lib/action_dispatch/middleware/request_id.rb:21:in `call'
  rack (1.5.2) lib/rack/methodoverride.rb:21:in `call'
  rack (1.5.2) lib/rack/runtime.rb:17:in `call'
  activesupport (4.0.0) lib/active_support/cache/strategy/local_cache.rb:83:in `call'
  rack (1.5.2) lib/rack/lock.rb:17:in `call'
  actionpack (4.0.0) lib/action_dispatch/middleware/static.rb:64:in `call'
  railties (4.0.0) lib/rails/engine.rb:511:in `call'
  railties (4.0.0) lib/rails/application.rb:97:in `call'
  rack (1.5.2) lib/rack/lock.rb:17:in `call'
  rack (1.5.2) lib/rack/content_length.rb:14:in `call'
  rack (1.5.2) lib/rack/handler/webrick.rb:60:in `service'
  /Users/i061485/.rvm/rubies/ruby-2.0.0-p247/lib/ruby/2.0.0/webrick/httpserver.rb:138:in `service'
  /Users/i061485/.rvm/rubies/ruby-2.0.0-p247/lib/ruby/2.0.0/webrick/httpserver.rb:94:in `run'
  /Users/i061485/.rvm/rubies/ruby-2.0.0-p247/lib/ruby/2.0.0/webrick/server.rb:295:in `block in start_thread'


  Rendered /Users/i061485/.rvm/gems/ruby-2.0.0-p247/gems/actionpack-4.0.0/lib/action_dispatch/middleware/templates/rescues/_trace.erb (1.0ms)
  Rendered /Users/i061485/.rvm/gems/ruby-2.0.0-p247/gems/actionpack-4.0.0/lib/action_dispatch/middleware/templates/routes/_route.html.erb (0.7ms)
  Rendered /Users/i061485/.rvm/gems/ruby-2.0.0-p247/gems/actionpack-4.0.0/lib/action_dispatch/middleware/templates/routes/_table.html.erb (1.0ms)
  Rendered /Users/i061485/.rvm/gems/ruby-2.0.0-p247/gems/actionpack-4.0.0/lib/action_dispatch/middleware/templates/rescues/routing_error.erb within rescues/layout (16.0ms)


Started GET "/" for 127.0.0.1 at 2013-07-09 16:55:04 +0300
Processing by CvGenerateController#index as HTML
Completed 406 Not Acceptable in 1ms

ActionController::UnknownFormat (ActionController::UnknownFormat):
  app/controllers/cv_generate_controller.rb:3:in `index'


  Rendered /Users/i061485/.rvm/gems/ruby-2.0.0-p247/gems/actionpack-4.0.0/lib/action_dispatch/middleware/templates/rescues/_source.erb (0.9ms)
  Rendered /Users/i061485/.rvm/gems/ruby-2.0.0-p247/gems/actionpack-4.0.0/lib/action_dispatch/middleware/templates/rescues/_trace.erb (1.8ms)
  Rendered /Users/i061485/.rvm/gems/ruby-2.0.0-p247/gems/actionpack-4.0.0/lib/action_dispatch/middleware/templates/rescues/_request_and_response.erb (0.9ms)
  Rendered /Users/i061485/.rvm/gems/ruby-2.0.0-p247/gems/actionpack-4.0.0/lib/action_dispatch/middleware/templates/rescues/diagnostics.erb within rescues/layout (22.8ms)


Started GET "/" for 127.0.0.1 at 2013-07-09 16:55:07 +0300
Processing by CvGenerateController#index as HTML
Completed 406 Not Acceptable in 1ms

ActionController::UnknownFormat (ActionController::UnknownFormat):
  app/controllers/cv_generate_controller.rb:3:in `index'


  Rendered /Users/i061485/.rvm/gems/ruby-2.0.0-p247/gems/actionpack-4.0.0/lib/action_dispatch/middleware/templates/rescues/_source.erb (0.5ms)
  Rendered /Users/i061485/.rvm/gems/ruby-2.0.0-p247/gems/actionpack-4.0.0/lib/action_dispatch/middleware/templates/rescues/_trace.erb (1.0ms)
  Rendered /Users/i061485/.rvm/gems/ruby-2.0.0-p247/gems/actionpack-4.0.0/lib/action_dispatch/middleware/templates/rescues/_request_and_response.erb (0.8ms)
  Rendered /Users/i061485/.rvm/gems/ruby-2.0.0-p247/gems/actionpack-4.0.0/lib/action_dispatch/middleware/templates/rescues/diagnostics.erb within rescues/layout (13.6ms)


Started GET "/" for 127.0.0.1 at 2013-07-09 16:55:07 +0300
Processing by CvGenerateController#index as HTML
Completed 406 Not Acceptable in 1ms

ActionController::UnknownFormat (ActionController::UnknownFormat):
  app/controllers/cv_generate_controller.rb:3:in `index'


  Rendered /Users/i061485/.rvm/gems/ruby-2.0.0-p247/gems/actionpack-4.0.0/lib/action_dispatch/middleware/templates/rescues/_source.erb (0.7ms)
  Rendered /Users/i061485/.rvm/gems/ruby-2.0.0-p247/gems/actionpack-4.0.0/lib/action_dispatch/middleware/templates/rescues/_trace.erb (1.1ms)
  Rendered /Users/i061485/.rvm/gems/ruby-2.0.0-p247/gems/actionpack-4.0.0/lib/action_dispatch/middleware/templates/rescues/_request_and_response.erb (0.8ms)
  Rendered /Users/i061485/.rvm/gems/ruby-2.0.0-p247/gems/actionpack-4.0.0/lib/action_dispatch/middleware/templates/rescues/diagnostics.erb within rescues/layout (16.7ms)


Started GET "/" for 127.0.0.1 at 2013-07-09 16:55:08 +0300
Processing by CvGenerateController#index as HTML
Completed 406 Not Acceptable in 0ms

ActionController::UnknownFormat (ActionController::UnknownFormat):
  app/controllers/cv_generate_controller.rb:3:in `index'


  Rendered /Users/i061485/.rvm/gems/ruby-2.0.0-p247/gems/actionpack-4.0.0/lib/action_dispatch/middleware/templates/rescues/_source.erb (0.6ms)
  Rendered /Users/i061485/.rvm/gems/ruby-2.0.0-p247/gems/actionpack-4.0.0/lib/action_dispatch/middleware/templates/rescues/_trace.erb (0.9ms)
  Rendered /Users/i061485/.rvm/gems/ruby-2.0.0-p247/gems/actionpack-4.0.0/lib/action_dispatch/middleware/templates/rescues/_request_and_response.erb (0.7ms)
  Rendered /Users/i061485/.rvm/gems/ruby-2.0.0-p247/gems/actionpack-4.0.0/lib/action_dispatch/middleware/templates/rescues/diagnostics.erb within rescues/layout (13.2ms)


Started GET "/" for 127.0.0.1 at 2013-07-09 16:55:08 +0300
Processing by CvGenerateController#index as HTML
Completed 406 Not Acceptable in 0ms

ActionController::UnknownFormat (ActionController::UnknownFormat):
  app/controllers/cv_generate_controller.rb:3:in `index'


  Rendered /Users/i061485/.rvm/gems/ruby-2.0.0-p247/gems/actionpack-4.0.0/lib/action_dispatch/middleware/templates/rescues/_source.erb (0.6ms)
  Rendered /Users/i061485/.rvm/gems/ruby-2.0.0-p247/gems/actionpack-4.0.0/lib/action_dispatch/middleware/templates/rescues/_trace.erb (0.9ms)
  Rendered /Users/i061485/.rvm/gems/ruby-2.0.0-p247/gems/actionpack-4.0.0/lib/action_dispatch/middleware/templates/rescues/_request_and_response.erb (0.8ms)
  Rendered /Users/i061485/.rvm/gems/ruby-2.0.0-p247/gems/actionpack-4.0.0/lib/action_dispatch/middleware/templates/rescues/diagnostics.erb within rescues/layout (13.4ms)


Started GET "/" for 127.0.0.1 at 2013-07-09 17:05:04 +0300
Processing by CvGenerateController#index as HTML
Completed 406 Not Acceptable in 16ms

ActionController::UnknownFormat (ActionController::UnknownFormat):
  app/controllers/cv_generate_controller.rb:3:in `index'


  Rendered /Users/i061485/.rvm/gems/ruby-2.0.0-p247/gems/actionpack-4.0.0/lib/action_dispatch/middleware/templates/rescues/_source.erb (0.7ms)
  Rendered /Users/i061485/.rvm/gems/ruby-2.0.0-p247/gems/actionpack-4.0.0/lib/action_dispatch/middleware/templates/rescues/_trace.erb (1.1ms)
  Rendered /Users/i061485/.rvm/gems/ruby-2.0.0-p247/gems/actionpack-4.0.0/lib/action_dispatch/middleware/templates/rescues/_request_and_response.erb (0.9ms)
  Rendered /Users/i061485/.rvm/gems/ruby-2.0.0-p247/gems/actionpack-4.0.0/lib/action_dispatch/middleware/templates/rescues/diagnostics.erb within rescues/layout (17.1ms)


Started GET "/" for 127.0.0.1 at 2013-07-09 17:05:30 +0300
Processing by CvGenerateController#index as HTML
  Rendered cv_generate/index.haml within layouts/application (2.6ms)
Completed 200 OK in 711ms (Views: 709.9ms | ActiveRecord: 0.0ms)


Started GET "/assets/application.css?body=1" for 127.0.0.1 at 2013-07-09 17:05:31 +0300


Started GET "/assets/cv_generate.css?body=1" for 127.0.0.1 at 2013-07-09 17:05:31 +0300


Started GET "/assets/jquery.js?body=1" for 127.0.0.1 at 2013-07-09 17:05:31 +0300


Started GET "/assets/jquery_ujs.js?body=1" for 127.0.0.1 at 2013-07-09 17:05:31 +0300


Started GET "/assets/cv_generate.js?body=1" for 127.0.0.1 at 2013-07-09 17:05:31 +0300


Started GET "/assets/turbolinks.js?body=1" for 127.0.0.1 at 2013-07-09 17:05:31 +0300


Started GET "/assets/application.js?body=1" for 127.0.0.1 at 2013-07-09 17:05:31 +0300


Started GET "/images/pdf_icon.png" for 127.0.0.1 at 2013-07-09 17:05:31 +0300

ActionController::RoutingError (No route matches [GET] "/images/pdf_icon.png"):
  actionpack (4.0.0) lib/action_dispatch/middleware/debug_exceptions.rb:21:in `call'
  actionpack (4.0.0) lib/action_dispatch/middleware/show_exceptions.rb:30:in `call'
  railties (4.0.0) lib/rails/rack/logger.rb:38:in `call_app'
  railties (4.0.0) lib/rails/rack/logger.rb:21:in `block in call'
  activesupport (4.0.0) lib/active_support/tagged_logging.rb:67:in `block in tagged'
  activesupport (4.0.0) lib/active_support/tagged_logging.rb:25:in `tagged'
  activesupport (4.0.0) lib/active_support/tagged_logging.rb:67:in `tagged'
  railties (4.0.0) lib/rails/rack/logger.rb:21:in `call'
  actionpack (4.0.0) lib/action_dispatch/middleware/request_id.rb:21:in `call'
  rack (1.5.2) lib/rack/methodoverride.rb:21:in `call'
  rack (1.5.2) lib/rack/runtime.rb:17:in `call'
  activesupport (4.0.0) lib/active_support/cache/strategy/local_cache.rb:83:in `call'
  rack (1.5.2) lib/rack/lock.rb:17:in `call'
  actionpack (4.0.0) lib/action_dispatch/middleware/static.rb:64:in `call'
  railties (4.0.0) lib/rails/engine.rb:511:in `call'
  railties (4.0.0) lib/rails/application.rb:97:in `call'
  rack (1.5.2) lib/rack/lock.rb:17:in `call'
  rack (1.5.2) lib/rack/content_length.rb:14:in `call'
  rack (1.5.2) lib/rack/handler/webrick.rb:60:in `service'
  /Users/i061485/.rvm/rubies/ruby-2.0.0-p247/lib/ruby/2.0.0/webrick/httpserver.rb:138:in `service'
  /Users/i061485/.rvm/rubies/ruby-2.0.0-p247/lib/ruby/2.0.0/webrick/httpserver.rb:94:in `run'
  /Users/i061485/.rvm/rubies/ruby-2.0.0-p247/lib/ruby/2.0.0/webrick/server.rb:295:in `block in start_thread'


  Rendered /Users/i061485/.rvm/gems/ruby-2.0.0-p247/gems/actionpack-4.0.0/lib/action_dispatch/middleware/templates/rescues/_trace.erb (1.0ms)
  Rendered /Users/i061485/.rvm/gems/ruby-2.0.0-p247/gems/actionpack-4.0.0/lib/action_dispatch/middleware/templates/routes/_route.html.erb (1.1ms)
  Rendered /Users/i061485/.rvm/gems/ruby-2.0.0-p247/gems/actionpack-4.0.0/lib/action_dispatch/middleware/templates/routes/_table.html.erb (2.4ms)
  Rendered /Users/i061485/.rvm/gems/ruby-2.0.0-p247/gems/actionpack-4.0.0/lib/action_dispatch/middleware/templates/rescues/routing_error.erb within rescues/layout (24.6ms)


Started GET "/cv_generate/index.pdf" for 127.0.0.1 at 2013-07-09 17:05:37 +0300
Processing by CvGenerateController#index as PDF
***************WICKED***************
  Rendered cv_generate/index.haml within layouts/pdf (2.0ms)
Completed 500 Internal Server Error in 6ms

ActionView::Template::Error (No such file or directory - /Users/i061485/Documents/Project/git/pdf/public/stylesheets/'welcome',.css):
    3:     %style{:type => 'text/css'}
    4:       - # inline the required css files
    5:       - %W('welcome', 'pdf').each do |stylesheet|
    6:         = File.read "#{Rails.public_path}/stylesheets/#{stylesheet}.css"
    7: 
    8:   %body
    9:     = yield
  app/views/layouts/pdf.haml:6:in `read'
  app/views/layouts/pdf.haml:6:in `block in _app_views_layouts_pdf_haml__1777492487141501988_70257734220120'
  app/views/layouts/pdf.haml:5:in `each'
  app/views/layouts/pdf.haml:5:in `_app_views_layouts_pdf_haml__1777492487141501988_70257734220120'
  app/controllers/cv_generate_controller.rb:6:in `block (2 levels) in index'
  app/controllers/cv_generate_controller.rb:3:in `index'


  Rendered /Users/i061485/.rvm/gems/ruby-2.0.0-p247/gems/actionpack-4.0.0/lib/action_dispatch/middleware/templates/rescues/_trace.erb (1.1ms)
  Rendered /Users/i061485/.rvm/gems/ruby-2.0.0-p247/gems/actionpack-4.0.0/lib/action_dispatch/middleware/templates/rescues/_request_and_response.erb (0.9ms)
  Rendered /Users/i061485/.rvm/gems/ruby-2.0.0-p247/gems/actionpack-4.0.0/lib/action_dispatch/middleware/templates/rescues/template_error.erb within rescues/layout (11.4ms)


Started GET "/cv_generate/index.pdf" for 127.0.0.1 at 2013-07-09 17:15:02 +0300
Processing by CvGenerateController#index as PDF
***************WICKED***************
  Rendered cv_generate/index.haml within layouts/pdf (0.2ms)
Completed 500 Internal Server Error in 5ms

ActionView::Template::Error (No such file or directory - /Users/i061485/Documents/Project/git/pdf/public/stylesheets/'general',.css):
    3:     %style{:type => 'text/css'}
    4:       - # inline the required css files
    5:       - %W('general', 'pdf').each do |stylesheet|
    6:         = File.read "#{Rails.public_path}/stylesheets/#{stylesheet}.css"
    7: 
    8:   %body
    9:     = yield
  app/views/layouts/pdf.haml:6:in `read'
  app/views/layouts/pdf.haml:6:in `block in _app_views_layouts_pdf_haml__1777492487141501988_70257690481960'
  app/views/layouts/pdf.haml:5:in `each'
  app/views/layouts/pdf.haml:5:in `_app_views_layouts_pdf_haml__1777492487141501988_70257690481960'
  app/controllers/cv_generate_controller.rb:6:in `block (2 levels) in index'
  app/controllers/cv_generate_controller.rb:3:in `index'


  Rendered /Users/i061485/.rvm/gems/ruby-2.0.0-p247/gems/actionpack-4.0.0/lib/action_dispatch/middleware/templates/rescues/_trace.erb (1.1ms)
  Rendered /Users/i061485/.rvm/gems/ruby-2.0.0-p247/gems/actionpack-4.0.0/lib/action_dispatch/middleware/templates/rescues/_request_and_response.erb (0.9ms)
  Rendered /Users/i061485/.rvm/gems/ruby-2.0.0-p247/gems/actionpack-4.0.0/lib/action_dispatch/middleware/templates/rescues/template_error.erb within rescues/layout (11.9ms)


Started GET "/cv_generate/index.pdf" for 127.0.0.1 at 2013-07-09 17:16:18 +0300
Processing by CvGenerateController#index as PDF
***************WICKED***************
  Rendered cv_generate/index.haml within layouts/pdf (0.1ms)
  Rendered text template (0.0ms)
Sent data my_pdf.pdf (2.5ms)
Completed 200 OK in 25203ms (Views: 2.1ms | ActiveRecord: 0.0ms)


Started GET "/cv_generate/" for 127.0.0.1 at 2013-07-09 17:17:29 +0300

ActionController::RoutingError (No route matches [GET] "/cv_generate"):
  actionpack (4.0.0) lib/action_dispatch/middleware/debug_exceptions.rb:21:in `call'
  actionpack (4.0.0) lib/action_dispatch/middleware/show_exceptions.rb:30:in `call'
  railties (4.0.0) lib/rails/rack/logger.rb:38:in `call_app'
  railties (4.0.0) lib/rails/rack/logger.rb:21:in `block in call'
  activesupport (4.0.0) lib/active_support/tagged_logging.rb:67:in `block in tagged'
  activesupport (4.0.0) lib/active_support/tagged_logging.rb:25:in `tagged'
  activesupport (4.0.0) lib/active_support/tagged_logging.rb:67:in `tagged'
  railties (4.0.0) lib/rails/rack/logger.rb:21:in `call'
  actionpack (4.0.0) lib/action_dispatch/middleware/request_id.rb:21:in `call'
  rack (1.5.2) lib/rack/methodoverride.rb:21:in `call'
  rack (1.5.2) lib/rack/runtime.rb:17:in `call'
  activesupport (4.0.0) lib/active_support/cache/strategy/local_cache.rb:83:in `call'
  rack (1.5.2) lib/rack/lock.rb:17:in `call'
  actionpack (4.0.0) lib/action_dispatch/middleware/static.rb:64:in `call'
  railties (4.0.0) lib/rails/engine.rb:511:in `call'
  railties (4.0.0) lib/rails/application.rb:97:in `call'
  rack (1.5.2) lib/rack/lock.rb:17:in `call'
  rack (1.5.2) lib/rack/content_length.rb:14:in `call'
  rack (1.5.2) lib/rack/handler/webrick.rb:60:in `service'
  /Users/i061485/.rvm/rubies/ruby-2.0.0-p247/lib/ruby/2.0.0/webrick/httpserver.rb:138:in `service'
  /Users/i061485/.rvm/rubies/ruby-2.0.0-p247/lib/ruby/2.0.0/webrick/httpserver.rb:94:in `run'
  /Users/i061485/.rvm/rubies/ruby-2.0.0-p247/lib/ruby/2.0.0/webrick/server.rb:295:in `block in start_thread'


  Rendered /Users/i061485/.rvm/gems/ruby-2.0.0-p247/gems/actionpack-4.0.0/lib/action_dispatch/middleware/templates/rescues/_trace.erb (1.3ms)
  Rendered /Users/i061485/.rvm/gems/ruby-2.0.0-p247/gems/actionpack-4.0.0/lib/action_dispatch/middleware/templates/routes/_route.html.erb (1.3ms)
  Rendered /Users/i061485/.rvm/gems/ruby-2.0.0-p247/gems/actionpack-4.0.0/lib/action_dispatch/middleware/templates/routes/_table.html.erb (1.9ms)
  Rendered /Users/i061485/.rvm/gems/ruby-2.0.0-p247/gems/actionpack-4.0.0/lib/action_dispatch/middleware/templates/rescues/routing_error.erb within rescues/layout (21.7ms)


Started GET "/cv_generate/" for 127.0.0.1 at 2013-07-09 17:17:31 +0300

ActionController::RoutingError (No route matches [GET] "/cv_generate"):
  actionpack (4.0.0) lib/action_dispatch/middleware/debug_exceptions.rb:21:in `call'
  actionpack (4.0.0) lib/action_dispatch/middleware/show_exceptions.rb:30:in `call'
  railties (4.0.0) lib/rails/rack/logger.rb:38:in `call_app'
  railties (4.0.0) lib/rails/rack/logger.rb:21:in `block in call'
  activesupport (4.0.0) lib/active_support/tagged_logging.rb:67:in `block in tagged'
  activesupport (4.0.0) lib/active_support/tagged_logging.rb:25:in `tagged'
  activesupport (4.0.0) lib/active_support/tagged_logging.rb:67:in `tagged'
  railties (4.0.0) lib/rails/rack/logger.rb:21:in `call'
  actionpack (4.0.0) lib/action_dispatch/middleware/request_id.rb:21:in `call'
  rack (1.5.2) lib/rack/methodoverride.rb:21:in `call'
  rack (1.5.2) lib/rack/runtime.rb:17:in `call'
  activesupport (4.0.0) lib/active_support/cache/strategy/local_cache.rb:83:in `call'
  rack (1.5.2) lib/rack/lock.rb:17:in `call'
  actionpack (4.0.0) lib/action_dispatch/middleware/static.rb:64:in `call'
  railties (4.0.0) lib/rails/engine.rb:511:in `call'
  railties (4.0.0) lib/rails/application.rb:97:in `call'
  rack (1.5.2) lib/rack/lock.rb:17:in `call'
  rack (1.5.2) lib/rack/content_length.rb:14:in `call'
  rack (1.5.2) lib/rack/handler/webrick.rb:60:in `service'
  /Users/i061485/.rvm/rubies/ruby-2.0.0-p247/lib/ruby/2.0.0/webrick/httpserver.rb:138:in `service'
  /Users/i061485/.rvm/rubies/ruby-2.0.0-p247/lib/ruby/2.0.0/webrick/httpserver.rb:94:in `run'
  /Users/i061485/.rvm/rubies/ruby-2.0.0-p247/lib/ruby/2.0.0/webrick/server.rb:295:in `block in start_thread'


  Rendered /Users/i061485/.rvm/gems/ruby-2.0.0-p247/gems/actionpack-4.0.0/lib/action_dispatch/middleware/templates/rescues/_trace.erb (1.0ms)
  Rendered /Users/i061485/.rvm/gems/ruby-2.0.0-p247/gems/actionpack-4.0.0/lib/action_dispatch/middleware/templates/routes/_route.html.erb (0.7ms)
  Rendered /Users/i061485/.rvm/gems/ruby-2.0.0-p247/gems/actionpack-4.0.0/lib/action_dispatch/middleware/templates/routes/_table.html.erb (1.0ms)
  Rendered /Users/i061485/.rvm/gems/ruby-2.0.0-p247/gems/actionpack-4.0.0/lib/action_dispatch/middleware/templates/rescues/routing_error.erb within rescues/layout (15.4ms)


Started GET "/cv_generate/" for 127.0.0.1 at 2013-07-09 17:17:32 +0300

ActionController::RoutingError (No route matches [GET] "/cv_generate"):
  actionpack (4.0.0) lib/action_dispatch/middleware/debug_exceptions.rb:21:in `call'
  actionpack (4.0.0) lib/action_dispatch/middleware/show_exceptions.rb:30:in `call'
  railties (4.0.0) lib/rails/rack/logger.rb:38:in `call_app'
  railties (4.0.0) lib/rails/rack/logger.rb:21:in `block in call'
  activesupport (4.0.0) lib/active_support/tagged_logging.rb:67:in `block in tagged'
  activesupport (4.0.0) lib/active_support/tagged_logging.rb:25:in `tagged'
  activesupport (4.0.0) lib/active_support/tagged_logging.rb:67:in `tagged'
  railties (4.0.0) lib/rails/rack/logger.rb:21:in `call'
  actionpack (4.0.0) lib/action_dispatch/middleware/request_id.rb:21:in `call'
  rack (1.5.2) lib/rack/methodoverride.rb:21:in `call'
  rack (1.5.2) lib/rack/runtime.rb:17:in `call'
  activesupport (4.0.0) lib/active_support/cache/strategy/local_cache.rb:83:in `call'
  rack (1.5.2) lib/rack/lock.rb:17:in `call'
  actionpack (4.0.0) lib/action_dispatch/middleware/static.rb:64:in `call'
  railties (4.0.0) lib/rails/engine.rb:511:in `call'
  railties (4.0.0) lib/rails/application.rb:97:in `call'
  rack (1.5.2) lib/rack/lock.rb:17:in `call'
  rack (1.5.2) lib/rack/content_length.rb:14:in `call'
  rack (1.5.2) lib/rack/handler/webrick.rb:60:in `service'
  /Users/i061485/.rvm/rubies/ruby-2.0.0-p247/lib/ruby/2.0.0/webrick/httpserver.rb:138:in `service'
  /Users/i061485/.rvm/rubies/ruby-2.0.0-p247/lib/ruby/2.0.0/webrick/httpserver.rb:94:in `run'
  /Users/i061485/.rvm/rubies/ruby-2.0.0-p247/lib/ruby/2.0.0/webrick/server.rb:295:in `block in start_thread'


  Rendered /Users/i061485/.rvm/gems/ruby-2.0.0-p247/gems/actionpack-4.0.0/lib/action_dispatch/middleware/templates/rescues/_trace.erb (1.2ms)
  Rendered /Users/i061485/.rvm/gems/ruby-2.0.0-p247/gems/actionpack-4.0.0/lib/action_dispatch/middleware/templates/routes/_route.html.erb (0.9ms)
  Rendered /Users/i061485/.rvm/gems/ruby-2.0.0-p247/gems/actionpack-4.0.0/lib/action_dispatch/middleware/templates/routes/_table.html.erb (1.3ms)
  Rendered /Users/i061485/.rvm/gems/ruby-2.0.0-p247/gems/actionpack-4.0.0/lib/action_dispatch/middleware/templates/rescues/routing_error.erb within rescues/layout (17.1ms)


Started GET "/cv_generate/" for 127.0.0.1 at 2013-07-09 17:17:32 +0300

ActionController::RoutingError (No route matches [GET] "/cv_generate"):
  actionpack (4.0.0) lib/action_dispatch/middleware/debug_exceptions.rb:21:in `call'
  actionpack (4.0.0) lib/action_dispatch/middleware/show_exceptions.rb:30:in `call'
  railties (4.0.0) lib/rails/rack/logger.rb:38:in `call_app'
  railties (4.0.0) lib/rails/rack/logger.rb:21:in `block in call'
  activesupport (4.0.0) lib/active_support/tagged_logging.rb:67:in `block in tagged'
  activesupport (4.0.0) lib/active_support/tagged_logging.rb:25:in `tagged'
  activesupport (4.0.0) lib/active_support/tagged_logging.rb:67:in `tagged'
  railties (4.0.0) lib/rails/rack/logger.rb:21:in `call'
  actionpack (4.0.0) lib/action_dispatch/middleware/request_id.rb:21:in `call'
  rack (1.5.2) lib/rack/methodoverride.rb:21:in `call'
  rack (1.5.2) lib/rack/runtime.rb:17:in `call'
  activesupport (4.0.0) lib/active_support/cache/strategy/local_cache.rb:83:in `call'
  rack (1.5.2) lib/rack/lock.rb:17:in `call'
  actionpack (4.0.0) lib/action_dispatch/middleware/static.rb:64:in `call'
  railties (4.0.0) lib/rails/engine.rb:511:in `call'
  railties (4.0.0) lib/rails/application.rb:97:in `call'
  rack (1.5.2) lib/rack/lock.rb:17:in `call'
  rack (1.5.2) lib/rack/content_length.rb:14:in `call'
  rack (1.5.2) lib/rack/handler/webrick.rb:60:in `service'
  /Users/i061485/.rvm/rubies/ruby-2.0.0-p247/lib/ruby/2.0.0/webrick/httpserver.rb:138:in `service'
  /Users/i061485/.rvm/rubies/ruby-2.0.0-p247/lib/ruby/2.0.0/webrick/httpserver.rb:94:in `run'
  /Users/i061485/.rvm/rubies/ruby-2.0.0-p247/lib/ruby/2.0.0/webrick/server.rb:295:in `block in start_thread'


  Rendered /Users/i061485/.rvm/gems/ruby-2.0.0-p247/gems/actionpack-4.0.0/lib/action_dispatch/middleware/templates/rescues/_trace.erb (1.1ms)
  Rendered /Users/i061485/.rvm/gems/ruby-2.0.0-p247/gems/actionpack-4.0.0/lib/action_dispatch/middleware/templates/routes/_route.html.erb (0.8ms)
  Rendered /Users/i061485/.rvm/gems/ruby-2.0.0-p247/gems/actionpack-4.0.0/lib/action_dispatch/middleware/templates/routes/_table.html.erb (1.1ms)
  Rendered /Users/i061485/.rvm/gems/ruby-2.0.0-p247/gems/actionpack-4.0.0/lib/action_dispatch/middleware/templates/rescues/routing_error.erb within rescues/layout (16.6ms)


Started GET "/cv_generate/" for 127.0.0.1 at 2013-07-09 17:17:33 +0300

ActionController::RoutingError (No route matches [GET] "/cv_generate"):
  actionpack (4.0.0) lib/action_dispatch/middleware/debug_exceptions.rb:21:in `call'
  actionpack (4.0.0) lib/action_dispatch/middleware/show_exceptions.rb:30:in `call'
  railties (4.0.0) lib/rails/rack/logger.rb:38:in `call_app'
  railties (4.0.0) lib/rails/rack/logger.rb:21:in `block in call'
  activesupport (4.0.0) lib/active_support/tagged_logging.rb:67:in `block in tagged'
  activesupport (4.0.0) lib/active_support/tagged_logging.rb:25:in `tagged'
  activesupport (4.0.0) lib/active_support/tagged_logging.rb:67:in `tagged'
  railties (4.0.0) lib/rails/rack/logger.rb:21:in `call'
  actionpack (4.0.0) lib/action_dispatch/middleware/request_id.rb:21:in `call'
  rack (1.5.2) lib/rack/methodoverride.rb:21:in `call'
  rack (1.5.2) lib/rack/runtime.rb:17:in `call'
  activesupport (4.0.0) lib/active_support/cache/strategy/local_cache.rb:83:in `call'
  rack (1.5.2) lib/rack/lock.rb:17:in `call'
  actionpack (4.0.0) lib/action_dispatch/middleware/static.rb:64:in `call'
  railties (4.0.0) lib/rails/engine.rb:511:in `call'
  railties (4.0.0) lib/rails/application.rb:97:in `call'
  rack (1.5.2) lib/rack/lock.rb:17:in `call'
  rack (1.5.2) lib/rack/content_length.rb:14:in `call'
  rack (1.5.2) lib/rack/handler/webrick.rb:60:in `service'
  /Users/i061485/.rvm/rubies/ruby-2.0.0-p247/lib/ruby/2.0.0/webrick/httpserver.rb:138:in `service'
  /Users/i061485/.rvm/rubies/ruby-2.0.0-p247/lib/ruby/2.0.0/webrick/httpserver.rb:94:in `run'
  /Users/i061485/.rvm/rubies/ruby-2.0.0-p247/lib/ruby/2.0.0/webrick/server.rb:295:in `block in start_thread'


  Rendered /Users/i061485/.rvm/gems/ruby-2.0.0-p247/gems/actionpack-4.0.0/lib/action_dispatch/middleware/templates/rescues/_trace.erb (1.2ms)
  Rendered /Users/i061485/.rvm/gems/ruby-2.0.0-p247/gems/actionpack-4.0.0/lib/action_dispatch/middleware/templates/routes/_route.html.erb (0.8ms)
  Rendered /Users/i061485/.rvm/gems/ruby-2.0.0-p247/gems/actionpack-4.0.0/lib/action_dispatch/middleware/templates/routes/_table.html.erb (1.2ms)
  Rendered /Users/i061485/.rvm/gems/ruby-2.0.0-p247/gems/actionpack-4.0.0/lib/action_dispatch/middleware/templates/rescues/routing_error.erb within rescues/layout (16.9ms)


Started GET "/cv_generate/" for 127.0.0.1 at 2013-07-09 17:17:48 +0300

ActionController::RoutingError (No route matches [GET] "/cv_generate"):
  actionpack (4.0.0) lib/action_dispatch/middleware/debug_exceptions.rb:21:in `call'
  actionpack (4.0.0) lib/action_dispatch/middleware/show_exceptions.rb:30:in `call'
  railties (4.0.0) lib/rails/rack/logger.rb:38:in `call_app'
  railties (4.0.0) lib/rails/rack/logger.rb:21:in `block in call'
  activesupport (4.0.0) lib/active_support/tagged_logging.rb:67:in `block in tagged'
  activesupport (4.0.0) lib/active_support/tagged_logging.rb:25:in `tagged'
  activesupport (4.0.0) lib/active_support/tagged_logging.rb:67:in `tagged'
  railties (4.0.0) lib/rails/rack/logger.rb:21:in `call'
  actionpack (4.0.0) lib/action_dispatch/middleware/request_id.rb:21:in `call'
  rack (1.5.2) lib/rack/methodoverride.rb:21:in `call'
  rack (1.5.2) lib/rack/runtime.rb:17:in `call'
  activesupport (4.0.0) lib/active_support/cache/strategy/local_cache.rb:83:in `call'
  rack (1.5.2) lib/rack/lock.rb:17:in `call'
  actionpack (4.0.0) lib/action_dispatch/middleware/static.rb:64:in `call'
  railties (4.0.0) lib/rails/engine.rb:511:in `call'
  railties (4.0.0) lib/rails/application.rb:97:in `call'
  rack (1.5.2) lib/rack/lock.rb:17:in `call'
  rack (1.5.2) lib/rack/content_length.rb:14:in `call'
  rack (1.5.2) lib/rack/handler/webrick.rb:60:in `service'
  /Users/i061485/.rvm/rubies/ruby-2.0.0-p247/lib/ruby/2.0.0/webrick/httpserver.rb:138:in `service'
  /Users/i061485/.rvm/rubies/ruby-2.0.0-p247/lib/ruby/2.0.0/webrick/httpserver.rb:94:in `run'
  /Users/i061485/.rvm/rubies/ruby-2.0.0-p247/lib/ruby/2.0.0/webrick/server.rb:295:in `block in start_thread'


  Rendered /Users/i061485/.rvm/gems/ruby-2.0.0-p247/gems/actionpack-4.0.0/lib/action_dispatch/middleware/templates/rescues/_trace.erb (1.0ms)
  Rendered /Users/i061485/.rvm/gems/ruby-2.0.0-p247/gems/actionpack-4.0.0/lib/action_dispatch/middleware/templates/routes/_route.html.erb (0.8ms)
  Rendered /Users/i061485/.rvm/gems/ruby-2.0.0-p247/gems/actionpack-4.0.0/lib/action_dispatch/middleware/templates/routes/_table.html.erb (1.1ms)
  Rendered /Users/i061485/.rvm/gems/ruby-2.0.0-p247/gems/actionpack-4.0.0/lib/action_dispatch/middleware/templates/rescues/routing_error.erb within rescues/layout (15.7ms)


Started GET "/cv_generate/" for 127.0.0.1 at 2013-07-09 17:17:50 +0300

ActionController::RoutingError (No route matches [GET] "/cv_generate"):
  actionpack (4.0.0) lib/action_dispatch/middleware/debug_exceptions.rb:21:in `call'
  actionpack (4.0.0) lib/action_dispatch/middleware/show_exceptions.rb:30:in `call'
  railties (4.0.0) lib/rails/rack/logger.rb:38:in `call_app'
  railties (4.0.0) lib/rails/rack/logger.rb:21:in `block in call'
  activesupport (4.0.0) lib/active_support/tagged_logging.rb:67:in `block in tagged'
  activesupport (4.0.0) lib/active_support/tagged_logging.rb:25:in `tagged'
  activesupport (4.0.0) lib/active_support/tagged_logging.rb:67:in `tagged'
  railties (4.0.0) lib/rails/rack/logger.rb:21:in `call'
  actionpack (4.0.0) lib/action_dispatch/middleware/request_id.rb:21:in `call'
  rack (1.5.2) lib/rack/methodoverride.rb:21:in `call'
  rack (1.5.2) lib/rack/runtime.rb:17:in `call'
  activesupport (4.0.0) lib/active_support/cache/strategy/local_cache.rb:83:in `call'
  rack (1.5.2) lib/rack/lock.rb:17:in `call'
  actionpack (4.0.0) lib/action_dispatch/middleware/static.rb:64:in `call'
  railties (4.0.0) lib/rails/engine.rb:511:in `call'
  railties (4.0.0) lib/rails/application.rb:97:in `call'
  rack (1.5.2) lib/rack/lock.rb:17:in `call'
  rack (1.5.2) lib/rack/content_length.rb:14:in `call'
  rack (1.5.2) lib/rack/handler/webrick.rb:60:in `service'
  /Users/i061485/.rvm/rubies/ruby-2.0.0-p247/lib/ruby/2.0.0/webrick/httpserver.rb:138:in `service'
  /Users/i061485/.rvm/rubies/ruby-2.0.0-p247/lib/ruby/2.0.0/webrick/httpserver.rb:94:in `run'
  /Users/i061485/.rvm/rubies/ruby-2.0.0-p247/lib/ruby/2.0.0/webrick/server.rb:295:in `block in start_thread'


  Rendered /Users/i061485/.rvm/gems/ruby-2.0.0-p247/gems/actionpack-4.0.0/lib/action_dispatch/middleware/templates/rescues/_trace.erb (1.2ms)
  Rendered /Users/i061485/.rvm/gems/ruby-2.0.0-p247/gems/actionpack-4.0.0/lib/action_dispatch/middleware/templates/routes/_route.html.erb (0.9ms)
  Rendered /Users/i061485/.rvm/gems/ruby-2.0.0-p247/gems/actionpack-4.0.0/lib/action_dispatch/middleware/templates/routes/_table.html.erb (1.3ms)
  Rendered /Users/i061485/.rvm/gems/ruby-2.0.0-p247/gems/actionpack-4.0.0/lib/action_dispatch/middleware/templates/rescues/routing_error.erb within rescues/layout (16.5ms)


Started GET "/cv_generate/" for 127.0.0.1 at 2013-07-09 17:17:50 +0300

ActionController::RoutingError (No route matches [GET] "/cv_generate"):
  actionpack (4.0.0) lib/action_dispatch/middleware/debug_exceptions.rb:21:in `call'
  actionpack (4.0.0) lib/action_dispatch/middleware/show_exceptions.rb:30:in `call'
  railties (4.0.0) lib/rails/rack/logger.rb:38:in `call_app'
  railties (4.0.0) lib/rails/rack/logger.rb:21:in `block in call'
  activesupport (4.0.0) lib/active_support/tagged_logging.rb:67:in `block in tagged'
  activesupport (4.0.0) lib/active_support/tagged_logging.rb:25:in `tagged'
  activesupport (4.0.0) lib/active_support/tagged_logging.rb:67:in `tagged'
  railties (4.0.0) lib/rails/rack/logger.rb:21:in `call'
  actionpack (4.0.0) lib/action_dispatch/middleware/request_id.rb:21:in `call'
  rack (1.5.2) lib/rack/methodoverride.rb:21:in `call'
  rack (1.5.2) lib/rack/runtime.rb:17:in `call'
  activesupport (4.0.0) lib/active_support/cache/strategy/local_cache.rb:83:in `call'
  rack (1.5.2) lib/rack/lock.rb:17:in `call'
  actionpack (4.0.0) lib/action_dispatch/middleware/static.rb:64:in `call'
  railties (4.0.0) lib/rails/engine.rb:511:in `call'
  railties (4.0.0) lib/rails/application.rb:97:in `call'
  rack (1.5.2) lib/rack/lock.rb:17:in `call'
  rack (1.5.2) lib/rack/content_length.rb:14:in `call'
  rack (1.5.2) lib/rack/handler/webrick.rb:60:in `service'
  /Users/i061485/.rvm/rubies/ruby-2.0.0-p247/lib/ruby/2.0.0/webrick/httpserver.rb:138:in `service'
  /Users/i061485/.rvm/rubies/ruby-2.0.0-p247/lib/ruby/2.0.0/webrick/httpserver.rb:94:in `run'
  /Users/i061485/.rvm/rubies/ruby-2.0.0-p247/lib/ruby/2.0.0/webrick/server.rb:295:in `block in start_thread'


  Rendered /Users/i061485/.rvm/gems/ruby-2.0.0-p247/gems/actionpack-4.0.0/lib/action_dispatch/middleware/templates/rescues/_trace.erb (1.0ms)
  Rendered /Users/i061485/.rvm/gems/ruby-2.0.0-p247/gems/actionpack-4.0.0/lib/action_dispatch/middleware/templates/routes/_route.html.erb (0.8ms)
  Rendered /Users/i061485/.rvm/gems/ruby-2.0.0-p247/gems/actionpack-4.0.0/lib/action_dispatch/middleware/templates/routes/_table.html.erb (1.1ms)
  Rendered /Users/i061485/.rvm/gems/ruby-2.0.0-p247/gems/actionpack-4.0.0/lib/action_dispatch/middleware/templates/rescues/routing_error.erb within rescues/layout (16.2ms)


Started GET "/" for 127.0.0.1 at 2013-07-09 17:17:54 +0300
Processing by CvGenerateController#index as HTML
  Rendered cv_generate/index.haml within layouts/application (1.1ms)
Completed 200 OK in 6ms (Views: 5.2ms | ActiveRecord: 0.0ms)


Started GET "/assets/application.css?body=1" for 127.0.0.1 at 2013-07-09 17:17:54 +0300


Started GET "/assets/cv_generate.css?body=1" for 127.0.0.1 at 2013-07-09 17:17:54 +0300


Started GET "/assets/jquery.js?body=1" for 127.0.0.1 at 2013-07-09 17:17:54 +0300


Started GET "/assets/jquery_ujs.js?body=1" for 127.0.0.1 at 2013-07-09 17:17:54 +0300


Started GET "/assets/application.js?body=1" for 127.0.0.1 at 2013-07-09 17:17:54 +0300


Started GET "/assets/turbolinks.js?body=1" for 127.0.0.1 at 2013-07-09 17:17:54 +0300


Started GET "/assets/cv_generate.js?body=1" for 127.0.0.1 at 2013-07-09 17:17:54 +0300


Started GET "/" for 127.0.0.1 at 2013-07-09 17:18:08 +0300
Processing by CvGenerateController#index as HTML
  Rendered cv_generate/index.haml within layouts/application (2.6ms)
Completed 200 OK in 7ms (Views: 6.5ms | ActiveRecord: 0.0ms)


Started GET "/assets/application.css?body=1" for 127.0.0.1 at 2013-07-09 17:18:09 +0300


Started GET "/assets/cv_generate.css?body=1" for 127.0.0.1 at 2013-07-09 17:18:09 +0300


Started GET "/assets/jquery_ujs.js?body=1" for 127.0.0.1 at 2013-07-09 17:18:09 +0300


Started GET "/assets/turbolinks.js?body=1" for 127.0.0.1 at 2013-07-09 17:18:09 +0300


Started GET "/assets/cv_generate.js?body=1" for 127.0.0.1 at 2013-07-09 17:18:09 +0300


Started GET "/assets/jquery.js?body=1" for 127.0.0.1 at 2013-07-09 17:18:09 +0300


Started GET "/assets/application.js?body=1" for 127.0.0.1 at 2013-07-09 17:18:09 +0300


Started GET "/" for 127.0.0.1 at 2013-07-09 17:27:34 +0300
Processing by CvGenerateController#index as HTML
  Rendered cv_generate/index.haml within layouts/application (0.9ms)
Completed 200 OK in 6ms (Views: 5.0ms | ActiveRecord: 0.0ms)


Started GET "/assets/application.css?body=1" for 127.0.0.1 at 2013-07-09 17:27:34 +0300


Started GET "/assets/jquery.js?body=1" for 127.0.0.1 at 2013-07-09 17:27:34 +0300


Started GET "/assets/turbolinks.js?body=1" for 127.0.0.1 at 2013-07-09 17:27:34 +0300


Started GET "/assets/cv_generate.css?body=1" for 127.0.0.1 at 2013-07-09 17:27:34 +0300


Started GET "/assets/cv_generate.js?body=1" for 127.0.0.1 at 2013-07-09 17:27:34 +0300


Started GET "/assets/jquery_ujs.js?body=1" for 127.0.0.1 at 2013-07-09 17:27:34 +0300


Started GET "/assets/application.js?body=1" for 127.0.0.1 at 2013-07-09 17:27:34 +0300


Started GET "/cv_generate/index.pdf" for 127.0.0.1 at 2013-07-09 17:27:36 +0300
Processing by CvGenerateController#index as PDF
***************WICKED***************
Completed 500 Internal Server Error in 1ms

ActionView::MissingTemplate (Missing template offers/show.pdf.erb with {:locale=>[:en], :formats=>[:pdf], :handlers=>[:erb, :builder, :raw, :ruby, :jbuilder, :coffee, :haml]}. Searched in:
  * "/Users/i061485/Documents/Project/git/pdf/app/views"
):
  app/controllers/cv_generate_controller.rb:10:in `block (2 levels) in index'
  app/controllers/cv_generate_controller.rb:3:in `index'


  Rendered /Users/i061485/.rvm/gems/ruby-2.0.0-p247/gems/actionpack-4.0.0/lib/action_dispatch/middleware/templates/rescues/missing_template.erb within rescues/layout (0.4ms)


Started GET "/" for 127.0.0.1 at 2013-07-09 17:28:04 +0300
Processing by CvGenerateController#index as HTML
  Rendered cv_generate/index.haml within layouts/application (0.8ms)
Completed 200 OK in 5ms (Views: 4.5ms | ActiveRecord: 0.0ms)


Started GET "/assets/application.css?body=1" for 127.0.0.1 at 2013-07-09 17:28:04 +0300


Started GET "/assets/jquery.js?body=1" for 127.0.0.1 at 2013-07-09 17:28:04 +0300


Started GET "/assets/cv_generate.css?body=1" for 127.0.0.1 at 2013-07-09 17:28:04 +0300


Started GET "/assets/jquery_ujs.js?body=1" for 127.0.0.1 at 2013-07-09 17:28:04 +0300


Started GET "/assets/cv_generate.js?body=1" for 127.0.0.1 at 2013-07-09 17:28:04 +0300


Started GET "/assets/turbolinks.js?body=1" for 127.0.0.1 at 2013-07-09 17:28:04 +0300


Started GET "/assets/application.js?body=1" for 127.0.0.1 at 2013-07-09 17:28:04 +0300


Started GET "/cv_generate/index.pdf" for 127.0.0.1 at 2013-07-09 17:28:05 +0300
Processing by CvGenerateController#index as PDF
***************WICKED***************
Completed 500 Internal Server Error in 1ms

ActionView::MissingTemplate (Missing template /show.pdf.erb with {:locale=>[:en], :formats=>[:pdf], :handlers=>[:erb, :builder, :raw, :ruby, :jbuilder, :coffee, :haml]}. Searched in:
  * "/Users/i061485/Documents/Project/git/pdf/app/views"
):
  app/controllers/cv_generate_controller.rb:10:in `block (2 levels) in index'
  app/controllers/cv_generate_controller.rb:3:in `index'


  Rendered /Users/i061485/.rvm/gems/ruby-2.0.0-p247/gems/actionpack-4.0.0/lib/action_dispatch/middleware/templates/rescues/missing_template.erb within rescues/layout (0.4ms)


Started GET "/cv_generate/index.pdf" for 127.0.0.1 at 2013-07-09 17:28:20 +0300
Processing by CvGenerateController#index as PDF
***************WICKED***************
Completed 500 Internal Server Error in 2ms

ActionView::MissingTemplate (Missing template ./show.pdf.erb with {:locale=>[:en], :formats=>[:pdf], :handlers=>[:erb, :builder, :raw, :ruby, :jbuilder, :coffee, :haml]}. Searched in:
  * "/Users/i061485/Documents/Project/git/pdf/app/views"
):
  app/controllers/cv_generate_controller.rb:10:in `block (2 levels) in index'
  app/controllers/cv_generate_controller.rb:3:in `index'


  Rendered /Users/i061485/.rvm/gems/ruby-2.0.0-p247/gems/actionpack-4.0.0/lib/action_dispatch/middleware/templates/rescues/missing_template.erb within rescues/layout (0.4ms)


Started GET "/cv_generate/index.pdf" for 127.0.0.1 at 2013-07-09 17:29:30 +0300
Processing by CvGenerateController#index as PDF
***************WICKED***************
  Rendered cv_generate/offers/show.pdf.erb within layouts/pdf (5.7ms)
Completed 500 Internal Server Error in 8ms

ActionView::Template::Error (Missing partial shared/address.html.erb with {:locale=>[:en], :formats=>[:pdf], :handlers=>[:erb, :builder, :raw, :ruby, :jbuilder, :coffee, :haml]}. Searched in:
  * "/Users/i061485/Documents/Project/git/pdf/app/views"
):
    1: <%= wicked_pdf_stylesheet_link_tag "documents" %>
    2: 
    3: <div class="document">
    4:   <%= render :partial => 'shared/address.html.erb' %>
    5: </div>
  app/views/cv_generate/offers/show.pdf.erb:4:in `_app_views_cv_generate_offers_show_pdf_erb___1877503705709504145_70257705897700'
  app/controllers/cv_generate_controller.rb:10:in `block (2 levels) in index'
  app/controllers/cv_generate_controller.rb:3:in `index'


  Rendered /Users/i061485/.rvm/gems/ruby-2.0.0-p247/gems/actionpack-4.0.0/lib/action_dispatch/middleware/templates/rescues/_trace.erb (1.2ms)
  Rendered /Users/i061485/.rvm/gems/ruby-2.0.0-p247/gems/actionpack-4.0.0/lib/action_dispatch/middleware/templates/rescues/_request_and_response.erb (0.9ms)
  Rendered /Users/i061485/.rvm/gems/ruby-2.0.0-p247/gems/actionpack-4.0.0/lib/action_dispatch/middleware/templates/rescues/template_error.erb within rescues/layout (11.7ms)


Started GET "/cv_generate/index.pdf" for 127.0.0.1 at 2013-07-09 17:29:54 +0300
Processing by CvGenerateController#index as PDF
***************WICKED***************
  Rendered cv_generate/offers/show.pdf.erb within layouts/pdf (3.9ms)
  Rendered text template (0.0ms)
Sent data file_name.pdf (1.8ms)
Completed 200 OK in 4569ms (Views: 1.3ms | ActiveRecord: 0.0ms)
